[debug] [2019-10-06T00:03:44.359Z] ----------------------------------------------------------------------
[debug] [2019-10-06T00:03:44.360Z] Command:       /usr/local/bin/node /usr/local/bin/firebase init
[debug] [2019-10-06T00:03:44.361Z] CLI Version:   7.4.0
[debug] [2019-10-06T00:03:44.361Z] Platform:      darwin
[debug] [2019-10-06T00:03:44.361Z] Node Version:  v10.16.3
[debug] [2019-10-06T00:03:44.361Z] Time:          Sat Oct 05 2019 18:03:44 GMT-0600 (Mountain Daylight Time)
[debug] [2019-10-06T00:03:44.361Z] ----------------------------------------------------------------------
[debug] 
[debug] [2019-10-06T00:03:44.370Z] > command requires scopes: ["email","openid","https://www.googleapis.com/auth/cloudplatformprojects.readonly","https://www.googleapis.com/auth/firebase","https://www.googleapis.com/auth/cloud-platform"]
[debug] [2019-10-06T00:03:44.370Z] > authorizing via signed-in user
[info] 
     ######## #### ########  ######## ########     ###     ######  ########
     ##        ##  ##     ## ##       ##     ##  ##   ##  ##       ##
     ######    ##  ########  ######   ########  #########  ######  ######
     ##        ##  ##    ##  ##       ##     ## ##     ##       ## ##
     ##       #### ##     ## ######## ########  ##     ##  ######  ########

You're about to initialize a Firebase project in this directory:

  /Users/jaredrussellworkman/Documents/Airin/Airin/airin/QA-App

[debug] [2019-10-06T00:04:29.749Z] TypeError: Cannot read property 'setRawMode' of null
    at ReadStream.setRawMode (tty.js:69:28)
    at Interface._setRawMode (readline.js:269:16)
    at Interface.close (readline.js:394:10)
    at ReadStream.ontermend (readline.js:180:10)
    at ReadStream.emit (events.js:203:15)
    at ReadStream.EventEmitter.emit (domain.js:448:20)
    at endReadableNT (_stream_readable.js:1145:12)
    at process._tickCallback (internal/process/next_tick.js:63:19)
